# JRE version: OpenJDK Runtime Environment Zulu11.62+17-CA (11.0.18+10) (build 11.0.18+10-LTS)
# Java VM: OpenJDK 64-Bit Server VM Zulu11.62+17-CA (11.0.18+10-LTS, mixed mode, tiered, compressed oops, g1 gc, windows-amd64)
Heap:
 garbage-first heap   total 425984K, used 228044K [0x0000000080000000, 0x0000000100000000)
  region size 1024K, 6 young (6144K), 6 survivors (6144K)
 Metaspace       used 112913K, capacity 115851K, committed 116048K, reserved 1150976K
  class space    used 14268K, capacity 15434K, committed 15616K, reserved 1048576K
GC Heap History (20 events):
Event: 113.006 GC heap after
{Heap after GC invocations=113 (full 0):
 garbage-first heap   total 290816K, used 166153K [0x0000000080000000, 0x0000000100000000)
  region size 1024K, 6 young (6144K), 6 survivors (6144K)
 Metaspace       used 112821K, capacity 115711K, committed 116048K, reserved 1150976K
  class space    used 14256K, capacity 15388K, committed 15616K, reserved 1048576K
}
Event: 114.879 GC heap before
{Heap before GC invocations=113 (full 0):
 garbage-first heap   total 290816K, used 249097K [0x0000000080000000, 0x0000000100000000)
  region size 1024K, 88 young (90112K), 6 survivors (6144K)
 Metaspace       used 112826K, capacity 115712K, committed 116048K, reserved 1150976K
  class space    used 14256K, capacity 15388K, committed 15616K, reserved 1048576K
}
Event: 114.905 GC heap after
{Heap after GC invocations=114 (full 0):
 garbage-first heap   total 290816K, used 167312K [0x0000000080000000, 0x0000000100000000)
  region size 1024K, 9 young (9216K), 9 survivors (9216K)
 Metaspace       used 112826K, capacity 115712K, committed 116048K, reserved 1150976K
  class space    used 14256K, capacity 15388K, committed 15616K, reserved 1048576K
}
Event: 115.902 GC heap before
{Heap before GC invocations=114 (full 0):
 garbage-first heap   total 290816K, used 247184K [0x0000000080000000, 0x0000000100000000)
  region size 1024K, 86 young (88064K), 9 survivors (9216K)
 Metaspace       used 112836K, capacity 115717K, committed 116048K, reserved 1150976K
  class space    used 14257K, capacity 15390K, committed 15616K, reserved 1048576K
}
Event: 115.949 GC heap after
{Heap after GC invocations=115 (full 0):
 garbage-first heap   total 290816K, used 176247K [0x0000000080000000, 0x0000000100000000)
  region size 1024K, 11 young (11264K), 11 survivors (11264K)
 Metaspace       used 112836K, capacity 115717K, committed 116048K, reserved 1150976K
  class space    used 14257K, capacity 15390K, committed 15616K, reserved 1048576K
}
Event: 117.672 GC heap before
{Heap before GC invocations=115 (full 0):
 garbage-first heap   total 290816K, used 242807K [0x0000000080000000, 0x0000000100000000)
  region size 1024K, 77 young (78848K), 11 survivors (11264K)
 Metaspace       used 112843K, capacity 115718K, committed 116048K, reserved 1150976K
  class space    used 14257K, capacity 15390K, committed 15616K, reserved 1048576K
}
Event: 117.775 GC heap after
{Heap after GC invocations=116 (full 0):
 garbage-first heap   total 290816K, used 183081K [0x0000000080000000, 0x0000000100000000)
  region size 1024K, 8 young (8192K), 8 survivors (8192K)
 Metaspace       used 112843K, capacity 115718K, committed 116048K, reserved 1150976K
  class space    used 14257K, capacity 15390K, committed 15616K, reserved 1048576K
}
Event: 118.858 GC heap before
{Heap before GC invocations=116 (full 0):
 garbage-first heap   total 290816K, used 243497K [0x0000000080000000, 0x0000000100000000)
  region size 1024K, 67 young (68608K), 8 survivors (8192K)
 Metaspace       used 112848K, capacity 115718K, committed 116048K, reserved 1150976K
  class space    used 14257K, capacity 15390K, committed 15616K, reserved 1048576K
}
Event: 118.914 GC heap after
{Heap after GC invocations=117 (full 0):
 garbage-first heap   total 355328K, used 189823K [0x0000000080000000, 0x0000000100000000)
  region size 1024K, 9 young (9216K), 9 survivors (9216K)
 Metaspace       used 112848K, capacity 115718K, committed 116048K, reserved 1150976K
  class space    used 14257K, capacity 15390K, committed 15616K, reserved 1048576K
}
Event: 119.626 GC heap before
{Heap before GC invocations=117 (full 0):
 garbage-first heap   total 355328K, used 269695K [0x0000000080000000, 0x0000000100000000)
  region size 1024K, 87 young (89088K), 9 survivors (9216K)
 Metaspace       used 112866K, capacity 115743K, committed 116048K, reserved 1150976K
  class space    used 14261K, capacity 15398K, committed 15616K, reserved 1048576K
}
Event: 119.669 GC heap after
{Heap after GC invocations=118 (full 0):
 garbage-first heap   total 355328K, used 199049K [0x0000000080000000, 0x0000000100000000)
  region size 1024K, 10 young (10240K), 10 survivors (10240K)
 Metaspace       used 112866K, capacity 115743K, committed 116048K, reserved 1150976K
  class space    used 14261K, capacity 15398K, committed 15616K, reserved 1048576K
}
Event: 120.068 GC heap before
{Heap before GC invocations=118 (full 0):
 garbage-first heap   total 355328K, used 276873K [0x0000000080000000, 0x0000000100000000)
  region size 1024K, 86 young (88064K), 10 survivors (10240K)
 Metaspace       used 112893K, capacity 115839K, committed 116048K, reserved 1150976K
  class space    used 14265K, capacity 15430K, committed 15616K, reserved 1048576K
}
Event: 120.093 GC heap after
{Heap after GC invocations=119 (full 0):
 garbage-first heap   total 355328K, used 206179K [0x0000000080000000, 0x0000000100000000)
  region size 1024K, 7 young (7168K), 7 survivors (7168K)
 Metaspace       used 112893K, capacity 115839K, committed 116048K, reserved 1150976K
  class space    used 14265K, capacity 15430K, committed 15616K, reserved 1048576K
}
Event: 120.757 GC heap before
{Heap before GC invocations=119 (full 0):
 garbage-first heap   total 355328K, used 282979K [0x0000000080000000, 0x0000000100000000)
  region size 1024K, 82 young (83968K), 7 survivors (7168K)
 Metaspace       used 112898K, capacity 115839K, committed 116048K, reserved 1150976K
  class space    used 14265K, capacity 15430K, committed 15616K, reserved 1048576K
}
Event: 120.791 GC heap after
{Heap after GC invocations=120 (full 0):
 garbage-first heap   total 355328K, used 211743K [0x0000000080000000, 0x0000000100000000)
  region size 1024K, 6 young (6144K), 6 survivors (6144K)
 Metaspace       used 112898K, capacity 115839K, committed 116048K, reserved 1150976K
  class space    used 14265K, capacity 15430K, committed 15616K, reserved 1048576K
}
Event: 121.170 GC heap before
{Heap before GC invocations=120 (full 0):
 garbage-first heap   total 355328K, used 288543K [0x0000000080000000, 0x0000000100000000)
  region size 1024K, 81 young (82944K), 6 survivors (6144K)
 Metaspace       used 112911K, capacity 115850K, committed 116048K, reserved 1150976K
  class space    used 14268K, capacity 15434K, committed 15616K, reserved 1048576K
}
Event: 121.191 GC heap after
{Heap after GC invocations=121 (full 0):
 garbage-first heap   total 355328K, used 217519K [0x0000000080000000, 0x0000000100000000)
  region size 1024K, 11 young (11264K), 11 survivors (11264K)
 Metaspace       used 112911K, capacity 115850K, committed 116048K, reserved 1150976K
  class space    used 14268K, capacity 15434K, committed 15616K, reserved 1048576K
}
Event: 121.537 GC heap before
{Heap before GC invocations=121 (full 0):
 garbage-first heap   total 355328K, used 293295K [0x0000000080000000, 0x0000000100000000)
  region size 1024K, 85 young (87040K), 11 survivors (11264K)
 Metaspace       used 112913K, capacity 115851K, committed 116048K, reserved 1150976K
  class space    used 14268K, capacity 15434K, committed 15616K, reserved 1048576K
}
Event: 121.579 GC heap after
{Heap after GC invocations=122 (full 0):
 garbage-first heap   total 355328K, used 223987K [0x0000000080000000, 0x0000000100000000)
  region size 1024K, 7 young (7168K), 7 survivors (7168K)
 Metaspace       used 112913K, capacity 115851K, committed 116048K, reserved 1150976K
  class space    used 14268K, capacity 15434K, committed 15616K, reserved 1048576K
}
Event: 121.923 GC heap before
{Heap before GC invocations=122 (full 0):
 garbage-first heap   total 355328K, used 295667K [0x0000000080000000, 0x0000000100000000)
  region size 1024K, 78 young (79872K), 7 survivors (7168K)
 Metaspace       used 112913K, capacity 115851K, committed 116048K, reserved 1150976K
  class space    used 14268K, capacity 15434K, committed 15616K, reserved 1048576K
}

